This is pdfTeX, Version 3.14159265-2.6-1.40.15 (TeX Live 2014) (preloaded format=pdflatex 2015.6.10)  15 MAY 2016 23:50
entering extended mode
 restricted \write18 enabled.
 %&-line parsing enabled.
**ausarbeitung_vorlage.tex
(./ausarbeitung_vorlage.tex
LaTeX2e <2014/05/01>
Babel <3.9k> and hyphenation patterns for 78 languages loaded.
(/usr/local/texlive/2014/texmf-dist/tex/latex/base/article.cls
Document Class: article 2007/10/19 v1.4h Standard LaTeX document class
(/usr/local/texlive/2014/texmf-dist/tex/latex/base/size11.clo
File: size11.clo 2007/10/19 v1.4h Standard LaTeX file (size option)
)
\c@part=\count79
\c@section=\count80
\c@subsection=\count81
\c@subsubsection=\count82
\c@paragraph=\count83
\c@subparagraph=\count84
\c@figure=\count85
\c@table=\count86
\abovecaptionskip=\skip41
\belowcaptionskip=\skip42
\bibindent=\dimen102
)
(/usr/local/texlive/2014/texmf-dist/tex/latex/graphics/graphicx.sty
Package: graphicx 2014/04/25 v1.0g Enhanced LaTeX Graphics (DPC,SPQR)

(/usr/local/texlive/2014/texmf-dist/tex/latex/graphics/keyval.sty
Package: keyval 2014/05/08 v1.15 key=value parser (DPC)
\KV@toks@=\toks14
)
(/usr/local/texlive/2014/texmf-dist/tex/latex/graphics/graphics.sty
Package: graphics 2009/02/05 v1.0o Standard LaTeX Graphics (DPC,SPQR)

(/usr/local/texlive/2014/texmf-dist/tex/latex/graphics/trig.sty
Package: trig 1999/03/16 v1.09 sin cos tan (DPC)
)
(/usr/local/texlive/2014/texmf-dist/tex/latex/latexconfig/graphics.cfg
File: graphics.cfg 2010/04/23 v1.9 graphics configuration of TeX Live
)
Package graphics Info: Driver file: pdftex.def on input line 91.

(/usr/local/texlive/2014/texmf-dist/tex/latex/pdftex-def/pdftex.def
File: pdftex.def 2011/05/27 v0.06d Graphics/color for pdfTeX

(/usr/local/texlive/2014/texmf-dist/tex/generic/oberdiek/infwarerr.sty
Package: infwarerr 2010/04/08 v1.3 Providing info/warning/error messages (HO)
)
(/usr/local/texlive/2014/texmf-dist/tex/generic/oberdiek/ltxcmds.sty
Package: ltxcmds 2011/11/09 v1.22 LaTeX kernel commands for general use (HO)
)
\Gread@gobject=\count87
))
\Gin@req@height=\dimen103
\Gin@req@width=\dimen104
)
(/usr/local/texlive/2014/texmf-dist/tex/latex/curves/curves.sty
Package: curves 2009/08/31 1.53 Curves for LaTeX picture environment
\;sc=\count88
\;scp=\count89
\;t=\count90
\;cc=\count91
\;cnd=\count92
\;mcnd=\count93
\;np=\count94
\;overhang=\count95
\;pbs=\count96
\;pns=\count97
\;psc=\count98
\;rc=\count99
\;rtc=\count100
\;tc=\count101
\csdiameter=\skip43
\curvelength=\skip44
\overhang=\skip45
\;x=\skip46
\;dx=\skip47
\;ddx=\skip48
\;y=\skip49
\;dy=\skip50
\;ddy=\skip51
\;pl=\skip52
\;ucd=\skip53
\;csbox=\box26
\;pt=\box27
\;strline=\toks15
\m;ssingcoord=\toks16
\;negdash=\toks17
\;oddcoord=\toks18
\;wc=\count102
\;X=\skip54
\;Y=\skip55
)
(/usr/local/texlive/2014/texmf-dist/tex/latex/float/float.sty
Package: float 2001/11/08 v1.3d Float enhancements (AL)
\c@float@type=\count103
\float@exts=\toks19
\float@box=\box28
\@float@everytoks=\toks20
\@floatcapt=\box29
)
(/usr/local/texlive/2014/texmf-dist/tex/latex/rotating/rotating.sty
Package: rotating 2009/03/28 v2.16a rotated objects in LaTeX

(/usr/local/texlive/2014/texmf-dist/tex/latex/base/ifthen.sty
Package: ifthen 2001/05/26 v1.1c Standard LaTeX ifthen package (DPC)
)
\c@r@tfl@t=\count104
\rotFPtop=\skip56
\rotFPbot=\skip57
\rot@float@box=\box30
\rot@mess@toks=\toks21
)
(/usr/local/texlive/2014/texmf-dist/tex/latex/amsmath/amsmath.sty
Package: amsmath 2013/01/14 v2.14 AMS math features
\@mathmargin=\skip58

For additional information on amsmath, use the `?' option.
(/usr/local/texlive/2014/texmf-dist/tex/latex/amsmath/amstext.sty
Package: amstext 2000/06/29 v2.01

(/usr/local/texlive/2014/texmf-dist/tex/latex/amsmath/amsgen.sty
File: amsgen.sty 1999/11/30 v2.0
\@emptytoks=\toks22
\ex@=\dimen105
))
(/usr/local/texlive/2014/texmf-dist/tex/latex/amsmath/amsbsy.sty
Package: amsbsy 1999/11/29 v1.2d
\pmbraise@=\dimen106
)
(/usr/local/texlive/2014/texmf-dist/tex/latex/amsmath/amsopn.sty
Package: amsopn 1999/12/14 v2.01 operator names
)
\inf@bad=\count105
LaTeX Info: Redefining \frac on input line 210.
\uproot@=\count106
\leftroot@=\count107
LaTeX Info: Redefining \overline on input line 306.
\classnum@=\count108
\DOTSCASE@=\count109
LaTeX Info: Redefining \ldots on input line 378.
LaTeX Info: Redefining \dots on input line 381.
LaTeX Info: Redefining \cdots on input line 466.
\Mathstrutbox@=\box31
\strutbox@=\box32
\big@size=\dimen107
LaTeX Font Info:    Redeclaring font encoding OML on input line 566.
LaTeX Font Info:    Redeclaring font encoding OMS on input line 567.
\macc@depth=\count110
\c@MaxMatrixCols=\count111
\dotsspace@=\muskip10
\c@parentequation=\count112
\dspbrk@lvl=\count113
\tag@help=\toks23
\row@=\count114
\column@=\count115
\maxfields@=\count116
\andhelp@=\toks24
\eqnshift@=\dimen108
\alignsep@=\dimen109
\tagshift@=\dimen110
\tagwidth@=\dimen111
\totwidth@=\dimen112
\lineht@=\dimen113
\@envbody=\toks25
\multlinegap=\skip59
\multlinetaggap=\skip60
\mathdisplay@stack=\toks26
LaTeX Info: Redefining \[ on input line 2665.
LaTeX Info: Redefining \] on input line 2666.
)
(/usr/local/texlive/2014/texmf-dist/tex/latex/amsfonts/amssymb.sty
Package: amssymb 2013/01/14 v3.01 AMS font symbols

(/usr/local/texlive/2014/texmf-dist/tex/latex/amsfonts/amsfonts.sty
Package: amsfonts 2013/01/14 v3.01 Basic AMSFonts support
\symAMSa=\mathgroup4
\symAMSb=\mathgroup5
LaTeX Font Info:    Overwriting math alphabet `\mathfrak' in version `bold'
(Font)                  U/euf/m/n --> U/euf/b/n on input line 106.
))
(/usr/local/texlive/2014/texmf-dist/tex/latex/base/latexsym.sty
Package: latexsym 1998/08/17 v2.2e Standard LaTeX package (lasy symbols)
\symlasy=\mathgroup6
LaTeX Font Info:    Overwriting symbol font `lasy' in version `bold'
(Font)                  U/lasy/m/n --> U/lasy/b/n on input line 47.
)
(/usr/local/texlive/2014/texmf-dist/tex/generic/babel/babel.sty
Package: babel 2014/03/24 3.9k The Babel package

(/usr/local/texlive/2014/texmf-dist/tex/generic/babel-german/ngerman.ldf
Language: ngerman 2013/12/13 v2.7 German support for babel (new orthography)

(/usr/local/texlive/2014/texmf-dist/tex/generic/babel-german/ngermanb.ldf
Language: ngermanb 2013/12/13 v2.7 German support for babel (new orthography)

(/usr/local/texlive/2014/texmf-dist/tex/generic/babel/babel.def
File: babel.def 2014/03/24 3.9k Babel common definitions
\babel@savecnt=\count117
\U@D=\dimen114
)
\l@naustrian = a dialect from \language\l@ngerman 
\l@nswissgerman = a dialect from \language\l@ngerman 
Package babel Info: Making " an active character on input line 88.
)))
(/usr/local/texlive/2014/texmf-dist/tex/latex/tools/theorem.sty
Package: theorem 1995/11/23 v2.2c Theorem extension package (FMi)
\theorem@style=\toks27
\theorem@bodyfont=\toks28
\theorempreskipamount=\skip61
\theorempostskipamount=\skip62

(/usr/local/texlive/2014/texmf-dist/tex/latex/tools/thp.sty
File: thp.sty 1995/11/23 v2.2c Theorem extension package (FMi)
))
(/usr/local/texlive/2014/texmf-dist/tex/latex/tools/dcolumn.sty
Package: dcolumn 2001/05/28 v1.06 decimal alignment package (DPC)

(/usr/local/texlive/2014/texmf-dist/tex/latex/tools/array.sty
Package: array 2008/09/09 v2.4c Tabular extension package (FMi)
\col@sep=\dimen115
\extrarowheight=\dimen116
\NC@list=\toks29
\extratabsurround=\skip63
\backup@length=\skip64
))
(/usr/local/texlive/2014/texmf-dist/tex/latex/hyperref/hyperref.sty
Package: hyperref 2012/11/06 v6.83m Hypertext links for LaTeX

(/usr/local/texlive/2014/texmf-dist/tex/generic/oberdiek/hobsub-hyperref.sty
Package: hobsub-hyperref 2012/05/28 v1.13 Bundle oberdiek, subset hyperref (HO)


(/usr/local/texlive/2014/texmf-dist/tex/generic/oberdiek/hobsub-generic.sty
Package: hobsub-generic 2012/05/28 v1.13 Bundle oberdiek, subset generic (HO)
Package: hobsub 2012/05/28 v1.13 Construct package bundles (HO)
Package hobsub Info: Skipping package `infwarerr' (already loaded).
Package hobsub Info: Skipping package `ltxcmds' (already loaded).
Package: ifluatex 2010/03/01 v1.3 Provides the ifluatex switch (HO)
Package ifluatex Info: LuaTeX not detected.
Package: ifvtex 2010/03/01 v1.5 Detect VTeX and its facilities (HO)
Package ifvtex Info: VTeX not detected.
Package: intcalc 2007/09/27 v1.1 Expandable calculations with integers (HO)
Package: ifpdf 2011/01/30 v2.3 Provides the ifpdf switch (HO)
Package ifpdf Info: pdfTeX in PDF mode is detected.
Package: etexcmds 2011/02/16 v1.5 Avoid name clashes with e-TeX commands (HO)
Package etexcmds Info: Could not find \expanded.
(etexcmds)             That can mean that you are not using pdfTeX 1.50 or
(etexcmds)             that some package has redefined \expanded.
(etexcmds)             In the latter case, load this package earlier.
Package: kvsetkeys 2012/04/25 v1.16 Key value parser (HO)
Package: kvdefinekeys 2011/04/07 v1.3 Define keys (HO)
Package: pdftexcmds 2011/11/29 v0.20 Utility functions of pdfTeX for LuaTeX (HO
)
Package pdftexcmds Info: LuaTeX not detected.
Package pdftexcmds Info: \pdf@primitive is available.
Package pdftexcmds Info: \pdf@ifprimitive is available.
Package pdftexcmds Info: \pdfdraftmode found.
Package: pdfescape 2011/11/25 v1.13 Implements pdfTeX's escape features (HO)
Package: bigintcalc 2012/04/08 v1.3 Expandable calculations on big integers (HO
)
Package: bitset 2011/01/30 v1.1 Handle bit-vector datatype (HO)
Package: uniquecounter 2011/01/30 v1.2 Provide unlimited unique counter (HO)
)
Package hobsub Info: Skipping package `hobsub' (already loaded).
Package: letltxmacro 2010/09/02 v1.4 Let assignment for LaTeX macros (HO)
Package: hopatch 2012/05/28 v1.2 Wrapper for package hooks (HO)
Package: xcolor-patch 2011/01/30 xcolor patch
Package: atveryend 2011/06/30 v1.8 Hooks at the very end of document (HO)
Package atveryend Info: \enddocument detected (standard20110627).
Package: atbegshi 2011/10/05 v1.16 At begin shipout hook (HO)
Package: refcount 2011/10/16 v3.4 Data extraction from label references (HO)
Package: hycolor 2011/01/30 v1.7 Color options for hyperref/bookmark (HO)
)
(/usr/local/texlive/2014/texmf-dist/tex/generic/ifxetex/ifxetex.sty
Package: ifxetex 2010/09/12 v0.6 Provides ifxetex conditional
)
(/usr/local/texlive/2014/texmf-dist/tex/latex/oberdiek/auxhook.sty
Package: auxhook 2011/03/04 v1.3 Hooks for auxiliary files (HO)
)
(/usr/local/texlive/2014/texmf-dist/tex/latex/oberdiek/kvoptions.sty
Package: kvoptions 2011/06/30 v3.11 Key value format for package options (HO)
)
\@linkdim=\dimen117
\Hy@linkcounter=\count118
\Hy@pagecounter=\count119

(/usr/local/texlive/2014/texmf-dist/tex/latex/hyperref/pd1enc.def
File: pd1enc.def 2012/11/06 v6.83m Hyperref: PDFDocEncoding definition (HO)
)
\Hy@SavedSpaceFactor=\count120

(/usr/local/texlive/2014/texmf-dist/tex/latex/latexconfig/hyperref.cfg
File: hyperref.cfg 2002/06/06 v1.2 hyperref configuration of TeXLive
)
Package hyperref Info: Hyper figures OFF on input line 4443.
Package hyperref Info: Link nesting OFF on input line 4448.
Package hyperref Info: Hyper index ON on input line 4451.
Package hyperref Info: Plain pages OFF on input line 4458.
Package hyperref Info: Backreferencing OFF on input line 4463.
Package hyperref Info: Implicit mode ON; LaTeX internals redefined.
Package hyperref Info: Bookmarks ON on input line 4688.
\c@Hy@tempcnt=\count121

(/usr/local/texlive/2014/texmf-dist/tex/latex/url/url.sty
\Urlmuskip=\muskip11
Package: url 2013/09/16  ver 3.4  Verb mode for urls, etc.
)
LaTeX Info: Redefining \url on input line 5041.
\XeTeXLinkMargin=\dimen118
\Fld@menulength=\count122
\Field@Width=\dimen119
\Fld@charsize=\dimen120
Package hyperref Info: Hyper figures OFF on input line 6295.
Package hyperref Info: Link nesting OFF on input line 6300.
Package hyperref Info: Hyper index ON on input line 6303.
Package hyperref Info: backreferencing OFF on input line 6310.
Package hyperref Info: Link coloring OFF on input line 6315.
Package hyperref Info: Link coloring with OCG OFF on input line 6320.
Package hyperref Info: PDF/A mode OFF on input line 6325.
LaTeX Info: Redefining \ref on input line 6365.
LaTeX Info: Redefining \pageref on input line 6369.
\Hy@abspage=\count123
\c@Item=\count124
\c@Hfootnote=\count125
)

Package hyperref Message: Driver (autodetected): hpdftex.

(/usr/local/texlive/2014/texmf-dist/tex/latex/hyperref/hpdftex.def
File: hpdftex.def 2012/11/06 v6.83m Hyperref driver for pdfTeX
\Fld@listcount=\count126
\c@bookmark@seq@number=\count127

(/usr/local/texlive/2014/texmf-dist/tex/latex/oberdiek/rerunfilecheck.sty
Package: rerunfilecheck 2011/04/15 v1.7 Rerun checks for auxiliary files (HO)
Package uniquecounter Info: New unique counter `rerunfilecheck' on input line 2
82.
)
\Hy@SectionHShift=\skip65
)
(/usr/local/texlive/2014/texmf-dist/tex/latex/tools/xspace.sty
Package: xspace 2009/10/20 v1.13 Space after command names (DPC,MH)
)
\textwd=\skip66
\oddsidemargintmp=\skip67
\evensidemargintmp=\skip68
\textht=\skip69

(/usr/local/texlive/2014/texmf-dist/tex/latex/tools/thb.sty
File: thb.sty 1995/11/23 v2.2c Theorem extension package (FMi)
)
\c@Cor=\count128
\c@Def=\count129

(./ausarbeitung_vorlage.aux)
\openout1 = `ausarbeitung_vorlage.aux'.

LaTeX Font Info:    Checking defaults for OML/cmm/m/it on input line 159.
LaTeX Font Info:    ... okay on input line 159.
LaTeX Font Info:    Checking defaults for T1/cmr/m/n on input line 159.
LaTeX Font Info:    ... okay on input line 159.
LaTeX Font Info:    Checking defaults for OT1/cmr/m/n on input line 159.
LaTeX Font Info:    ... okay on input line 159.
LaTeX Font Info:    Checking defaults for OMS/cmsy/m/n on input line 159.
LaTeX Font Info:    ... okay on input line 159.
LaTeX Font Info:    Checking defaults for OMX/cmex/m/n on input line 159.
LaTeX Font Info:    ... okay on input line 159.
LaTeX Font Info:    Checking defaults for U/cmr/m/n on input line 159.
LaTeX Font Info:    ... okay on input line 159.
LaTeX Font Info:    Checking defaults for PD1/pdf/m/n on input line 159.
LaTeX Font Info:    ... okay on input line 159.

(/usr/local/texlive/2014/texmf-dist/tex/context/base/supp-pdf.mkii
[Loading MPS to PDF converter (version 2006.09.02).]
\scratchcounter=\count130
\scratchdimen=\dimen121
\scratchbox=\box33
\nofMPsegments=\count131
\nofMParguments=\count132
\everyMPshowfont=\toks30
\MPscratchCnt=\count133
\MPscratchDim=\dimen122
\MPnumerator=\count134
\makeMPintoPDFobject=\count135
\everyMPtoPDFconversion=\toks31
) (/usr/local/texlive/2014/texmf-dist/tex/latex/oberdiek/epstopdf-base.sty
Package: epstopdf-base 2010/02/09 v2.5 Base part for package epstopdf

(/usr/local/texlive/2014/texmf-dist/tex/latex/oberdiek/grfext.sty
Package: grfext 2010/08/19 v1.1 Manage graphics extensions (HO)
)
Package grfext Info: Graphics extension search list:
(grfext)             [.png,.pdf,.jpg,.mps,.jpeg,.jbig2,.jb2,.PNG,.PDF,.JPG,.JPE
G,.JBIG2,.JB2,.eps]
(grfext)             \AppendGraphicsExtensions on input line 452.

(/usr/local/texlive/2014/texmf-dist/tex/latex/latexconfig/epstopdf-sys.cfg
File: epstopdf-sys.cfg 2010/07/13 v1.3 Configuration of (r)epstopdf for TeX Liv
e
))
\AtBeginShipoutBox=\box34
Package hyperref Info: Link coloring OFF on input line 159.

(/usr/local/texlive/2014/texmf-dist/tex/latex/hyperref/nameref.sty
Package: nameref 2012/10/27 v2.43 Cross-referencing by name of section

(/usr/local/texlive/2014/texmf-dist/tex/generic/oberdiek/gettitlestring.sty
Package: gettitlestring 2010/12/03 v1.4 Cleanup title references (HO)
)
\c@section@level=\count136
)
LaTeX Info: Redefining \ref on input line 159.
LaTeX Info: Redefining \pageref on input line 159.
LaTeX Info: Redefining \nameref on input line 159.

(./ausarbeitung_vorlage.out) (./ausarbeitung_vorlage.out)
\@outlinefile=\write3
\openout3 = `ausarbeitung_vorlage.out'.

Package babel Info: Redefining ngerman shorthand "|
(babel)             in language  on input line 250.
Package babel Info: Redefining ngerman shorthand "~
(babel)             in language  on input line 250.
Package babel Info: Redefining ngerman shorthand "|
(babel)             in language  on input line 250.
Package babel Info: Redefining ngerman shorthand "~
(babel)             in language  on input line 250.
 [1

{/usr/local/texlive/2014/texmf-var/fonts/map/pdftex/updmap/pdftex.map}]
Package babel Info: Redefining ngerman shorthand "|
(babel)             in language  on input line 252.
Package babel Info: Redefining ngerman shorthand "~
(babel)             in language  on input line 252.
Package babel Info: Redefining ngerman shorthand "|
(babel)             in language  on input line 252.
Package babel Info: Redefining ngerman shorthand "~
(babel)             in language  on input line 252.
 [2]
(./ausarbeitung_vorlage.toc
LaTeX Font Info:    Try loading font information for U+msa on input line 3.

(/usr/local/texlive/2014/texmf-dist/tex/latex/amsfonts/umsa.fd
File: umsa.fd 2013/01/14 v3.01 AMS symbols A
)
LaTeX Font Info:    Try loading font information for U+msb on input line 3.

(/usr/local/texlive/2014/texmf-dist/tex/latex/amsfonts/umsb.fd
File: umsb.fd 2013/01/14 v3.01 AMS symbols B
)
LaTeX Font Info:    Try loading font information for U+lasy on input line 3.

(/usr/local/texlive/2014/texmf-dist/tex/latex/base/ulasy.fd
File: ulasy.fd 1998/08/17 v2.2e LaTeX symbol font definitions
))
\tf@toc=\write4
\openout4 = `ausarbeitung_vorlage.toc'.


(./ausarbeitung_vorlage.lot)
\tf@lot=\write5
\openout5 = `ausarbeitung_vorlage.lot'.

 (./ausarbeitung_vorlage.lof)
\tf@lof=\write6
\openout6 = `ausarbeitung_vorlage.lof'.

Package babel Info: Redefining ngerman shorthand "|
(babel)             in language  on input line 266.
Package babel Info: Redefining ngerman shorthand "~
(babel)             in language  on input line 266.
Package babel Info: Redefining ngerman shorthand "|
(babel)             in language  on input line 266.
Package babel Info: Redefining ngerman shorthand "~
(babel)             in language  on input line 266.
 [3]
Package babel Info: Redefining ngerman shorthand "|
(babel)             in language  on input line 269.
Package babel Info: Redefining ngerman shorthand "~
(babel)             in language  on input line 269.
Package babel Info: Redefining ngerman shorthand "|
(babel)             in language  on input line 269.
Package babel Info: Redefining ngerman shorthand "~
(babel)             in language  on input line 269.
 [4]
Package babel Info: Redefining ngerman shorthand "|
(babel)             in language  on input line 280.
Package babel Info: Redefining ngerman shorthand "~
(babel)             in language  on input line 280.
Package babel Info: Redefining ngerman shorthand "|
(babel)             in language  on input line 283.
Package babel Info: Redefining ngerman shorthand "~
(babel)             in language  on input line 283.

<./rule-based-example.png, id=132, 599.23875pt x 202.7575pt>
File: ./rule-based-example.png Graphic file (type png)

<use ./rule-based-example.png>
Package pdftex.def Info: ./rule-based-example.png used on input line 289.
(pdftex.def)             Requested size: 256.0748pt x 86.64569pt.
Package babel Info: Redefining ngerman shorthand "|
(babel)             in language  on input line 296.
Package babel Info: Redefining ngerman shorthand "~
(babel)             in language  on input line 296.
Package babel Info: Redefining ngerman shorthand "|
(babel)             in language  on input line 298.
Package babel Info: Redefining ngerman shorthand "~
(babel)             in language  on input line 298.
Package babel Info: Redefining ngerman shorthand "|
(babel)             in language  on input line 298.
Package babel Info: Redefining ngerman shorthand "~
(babel)             in language  on input line 298.
 [5 <./rule-based-example.png>]
<./statistical_translation_graph.png, id=139, 432.61626pt x 185.69376pt>
File: ./statistical_translation_graph.png Graphic file (type png)

<use ./statistical_translation_graph.png>
Package pdftex.def Info: ./statistical_translation_graph.png used on input line
 301.
(pdftex.def)             Requested size: 256.0748pt x 109.92104pt.

<./comprative-phrase-based.png, id=140, 569.12625pt x 257.96375pt>
File: ./comprative-phrase-based.png Graphic file (type png)

<use ./comprative-phrase-based.png>
Package pdftex.def Info: ./comprative-phrase-based.png used on input line 309.
(pdftex.def)             Requested size: 256.0748pt x 116.07472pt.
Package babel Info: Redefining ngerman shorthand "|
(babel)             in language  on input line 315.
Package babel Info: Redefining ngerman shorthand "~
(babel)             in language  on input line 315.

<./sequence-to-sequence-translation.png, id=141, 540.0175pt x 112.42pt>
File: ./sequence-to-sequence-translation.png Graphic file (type png)

<use ./sequence-to-sequence-translation.png>
Package pdftex.def Info: ./sequence-to-sequence-translation.png used on input l
ine 322.
(pdftex.def)             Requested size: 256.0748pt x 53.30913pt.
Package babel Info: Redefining ngerman shorthand "|
(babel)             in language  on input line 328.
Package babel Info: Redefining ngerman shorthand "~
(babel)             in language  on input line 328.

Underfull \hbox (badness 10000) in paragraph at lines 329--330

 []


Underfull \vbox (badness 5548) has occurred while \output is active []

Package babel Info: Redefining ngerman shorthand "|
(babel)             in language  on input line 331.
Package babel Info: Redefining ngerman shorthand "~
(babel)             in language  on input line 331.
Package babel Info: Redefining ngerman shorthand "|
(babel)             in language  on input line 331.
Package babel Info: Redefining ngerman shorthand "~
(babel)             in language  on input line 331.
 [6 <./statistical_translation_graph.png> <./comprative-phrase-based.png>]
Package babel Info: Redefining ngerman shorthand "|
(babel)             in language  on input line 333.
Package babel Info: Redefining ngerman shorthand "~
(babel)             in language  on input line 333.
Package babel Info: Redefining ngerman shorthand "|
(babel)             in language  on input line 335.
Package babel Info: Redefining ngerman shorthand "~
(babel)             in language  on input line 335.
Package babel Info: Redefining ngerman shorthand "|
(babel)             in language  on input line 337.
Package babel Info: Redefining ngerman shorthand "~
(babel)             in language  on input line 337.
Package babel Info: Redefining ngerman shorthand "|
(babel)             in language  on input line 339.
Package babel Info: Redefining ngerman shorthand "~
(babel)             in language  on input line 339.
Package babel Info: Redefining ngerman shorthand "|
(babel)             in language  on input line 348.
Package babel Info: Redefining ngerman shorthand "~
(babel)             in language  on input line 348.

Underfull \hbox (badness 10000) in paragraph at lines 380--392

 []


Underfull \hbox (badness 10000) in paragraph at lines 380--392

 []


Underfull \hbox (badness 10000) in paragraph at lines 395--400

 []


Underfull \hbox (badness 10000) in paragraph at lines 409--417

 []

Package babel Info: Redefining ngerman shorthand "|
(babel)             in language  on input line 420.
Package babel Info: Redefining ngerman shorthand "~
(babel)             in language  on input line 420.
Package babel Info: Redefining ngerman shorthand "|
(babel)             in language  on input line 420.
Package babel Info: Redefining ngerman shorthand "~
(babel)             in language  on input line 420.
[7 <./sequence-to-sequence-translation.png>]
Underfull \hbox (badness 10000) in paragraph at lines 420--449

 []


Underfull \hbox (badness 10000) in paragraph at lines 420--449

 []


Underfull \hbox (badness 10000) in paragraph at lines 458--465

 []


Underfull \hbox (badness 10000) in paragraph at lines 458--465

 []

Package babel Info: Redefining ngerman shorthand "|
(babel)             in language  on input line 485.
Package babel Info: Redefining ngerman shorthand "~
(babel)             in language  on input line 485.
Package babel Info: Redefining ngerman shorthand "|
(babel)             in language  on input line 486.
Package babel Info: Redefining ngerman shorthand "~
(babel)             in language  on input line 486.
Package babel Info: Redefining ngerman shorthand "|
(babel)             in language  on input line 488.
Package babel Info: Redefining ngerman shorthand "~
(babel)             in language  on input line 488.
Package babel Info: Redefining ngerman shorthand "|
(babel)             in language  on input line 490.
Package babel Info: Redefining ngerman shorthand "~
(babel)             in language  on input line 490.

Package hyperref Warning: Difference (2) between bookmark levels is greater 
(hyperref)                than one, level fixed on input line 491.

Package babel Info: Redefining ngerman shorthand "|
(babel)             in language  on input line 491.
Package babel Info: Redefining ngerman shorthand "~
(babel)             in language  on input line 491.
Package babel Info: Redefining ngerman shorthand "|
(babel)             in language  on input line 531.
Package babel Info: Redefining ngerman shorthand "~
(babel)             in language  on input line 531.
Package babel Info: Redefining ngerman shorthand "|
(babel)             in language  on input line 538.
Package babel Info: Redefining ngerman shorthand "~
(babel)             in language  on input line 538.
Package babel Info: Redefining ngerman shorthand "|
(babel)             in language  on input line 538.
Package babel Info: Redefining ngerman shorthand "~
(babel)             in language  on input line 538.
[8]
Package epstopdf Info: Source file: <./architektur.eps>
(epstopdf)                    date: 1999-12-02 13:02:00
(epstopdf)                    size: 20676 bytes
(epstopdf)             Output file: <./architektur-eps-converted-to.pdf>
(epstopdf)                    date: 2016-05-14 23:05:18
(epstopdf)                    size: 12444 bytes
(epstopdf)             Command: <repstopdf --outfile=./architektur-eps-converte
d-to.pdf ./architektur.eps>
(epstopdf)             \includegraphics on input line 544.
Package epstopdf Info: Output file is already uptodate.
 <./architektur-eps-converted-to.pdf, id=169, 311.1625pt x 256.96pt>
File: ./architektur-eps-converted-to.pdf Graphic file (type pdf)

<use ./architektur-eps-converted-to.pdf>
Package pdftex.def Info: ./architektur-eps-converted-to.pdf used on input line 
544.
(pdftex.def)             Requested size: 256.0748pt x 211.46921pt.
Package babel Info: Redefining ngerman shorthand "|
(babel)             in language  on input line 552.
Package babel Info: Redefining ngerman shorthand "~
(babel)             in language  on input line 552.
Package babel Info: Redefining ngerman shorthand "|
(babel)             in language  on input line 552.
Package babel Info: Redefining ngerman shorthand "~
(babel)             in language  on input line 552.
 [9 <./architektur-eps-converted-to.pdf>]
LaTeX Font Info:    Try loading font information for OMS+cmr on input line 563.

 (/usr/local/texlive/2014/texmf-dist/tex/latex/base/omscmr.fd
File: omscmr.fd 1999/05/25 v2.5h Standard LaTeX font definitions
)
LaTeX Font Info:    Font shape `OMS/cmr/m/n' in size <10.95> not available
(Font)              Font shape `OMS/cmsy/m/n' tried instead on input line 563.

Underfull \hbox (badness 10000) in paragraph at lines 560--576

 []


Underfull \hbox (badness 10000) in paragraph at lines 560--576

 []


Underfull \hbox (badness 10000) in paragraph at lines 560--576

 []

Package babel Info: Redefining ngerman shorthand "|
(babel)             in language  on input line 577.
Package babel Info: Redefining ngerman shorthand "~
(babel)             in language  on input line 577.
Package babel Info: Redefining ngerman shorthand "|
(babel)             in language  on input line 579.
Package babel Info: Redefining ngerman shorthand "~
(babel)             in language  on input line 579.
(./ausarbeitung_vorlage.bbl)
Package atveryend Info: Empty hook `BeforeClearDocument' on input line 583.
Package babel Info: Redefining ngerman shorthand "|
(babel)             in language  on input line 583.
Package babel Info: Redefining ngerman shorthand "~
(babel)             in language  on input line 583.
Package babel Info: Redefining ngerman shorthand "|
(babel)             in language  on input line 583.
Package babel Info: Redefining ngerman shorthand "~
(babel)             in language  on input line 583.
 [10]
Package atveryend Info: Empty hook `AfterLastShipout' on input line 583.
 (./ausarbeitung_vorlage.aux)
Package atveryend Info: Executing hook `AtVeryEndDocument' on input line 583.
Package atveryend Info: Executing hook `AtEndAfterFileList' on input line 583.
Package rerunfilecheck Info: File `ausarbeitung_vorlage.out' has not changed.
(rerunfilecheck)             Checksum: A5864BD10341DDFF273B766E8727917A;1187.
Package atveryend Info: Empty hook `AtVeryVeryEnd' on input line 583.
 ) 
Here is how much of TeX's memory you used:
 7016 strings out of 493117
 100334 string characters out of 6135433
 193350 words of memory out of 5000000
 10294 multiletter control sequences out of 15000+600000
 12245 words of font info for 47 fonts, out of 8000000 for 9000
 1141 hyphenation exceptions out of 8191
 29i,11n,32p,1170b,397s stack positions out of 5000i,500n,10000p,200000b,80000s
</usr/local/texlive/2014/texmf-dist/fonts/type1/public/amsfonts/cm/cmbx10.pfb
></usr/local/texlive/2014/texmf-dist/fonts/type1/public/amsfonts/cm/cmbx12.pfb>
</usr/local/texlive/2014/texmf-dist/fonts/type1/public/amsfonts/cm/cmcsc10.pfb>
</usr/local/texlive/2014/texmf-dist/fonts/type1/public/amsfonts/cm/cmex10.pfb><
/usr/local/texlive/2014/texmf-dist/fonts/type1/public/amsfonts/cm/cmmi10.pfb></
usr/local/texlive/2014/texmf-dist/fonts/type1/public/amsfonts/cm/cmmi6.pfb></us
r/local/texlive/2014/texmf-dist/fonts/type1/public/amsfonts/cm/cmmi8.pfb></usr/
local/texlive/2014/texmf-dist/fonts/type1/public/amsfonts/cm/cmr10.pfb></usr/lo
cal/texlive/2014/texmf-dist/fonts/type1/public/amsfonts/cm/cmr12.pfb></usr/loca
l/texlive/2014/texmf-dist/fonts/type1/public/amsfonts/cm/cmr6.pfb></usr/local/t
exlive/2014/texmf-dist/fonts/type1/public/amsfonts/cm/cmr8.pfb></usr/local/texl
ive/2014/texmf-dist/fonts/type1/public/amsfonts/cm/cmsl10.pfb></usr/local/texli
ve/2014/texmf-dist/fonts/type1/public/amsfonts/cm/cmsy10.pfb></usr/local/texliv
e/2014/texmf-dist/fonts/type1/public/amsfonts/cm/cmti10.pfb></usr/local/texlive
/2014/texmf-dist/fonts/type1/public/amsfonts/cm/cmti12.pfb></usr/local/texlive/
2014/texmf-dist/fonts/type1/public/amsfonts/cm/cmtt10.pfb>
Output written on ausarbeitung_vorlage.pdf (10 pages, 422059 bytes).
PDF statistics:
 259 PDF objects out of 1000 (max. 8388607)
 217 compressed objects within 3 object streams
 42 named destinations out of 1000 (max. 500000)
 170 words of extra memory for PDF output out of 10000 (max. 10000000)

